2020-12-14 15:45:34,571 [restartedMain] INFO  com.timer.TimerApplication:50 - Starting TimerApplication on 360PC-20151102P with PID 4168 (D:\svn\preedu\service\out\production\classes started by Administrator in D:\svn\preedu\service)
2020-12-14 15:45:34,575 [restartedMain] INFO  com.timer.TimerApplication:652 - The following profiles are active: dev
2020-12-14 15:45:34,640 [restartedMain] INFO  o.s.b.d.env.DevToolsPropertyDefaultsPostProcessor:225 - Devtools property defaults active! Set 'spring.devtools.add-properties' to 'false' to disable
2020-12-14 15:45:35,175 [restartedMain] INFO  o.s.d.r.config.RepositoryConfigurationDelegate:126 - Bootstrapping Spring Data repositories in DEFAULT mode.
2020-12-14 15:45:35,203 [restartedMain] INFO  o.s.d.r.config.RepositoryConfigurationDelegate:182 - Finished Spring Data repository scanning in 22ms. Found 0 repository interfaces.
2020-12-14 15:45:35,615 [restartedMain] WARN  com.zaxxer.hikari.HikariConfig:1008 - {} - idleTimeout has been set but has no effect because the pool is operating as a fixed size pool.
2020-12-14 15:45:35,615 [restartedMain] INFO  com.zaxxer.hikari.HikariDataSource:110 - HikariPool-1 - Starting...
2020-12-14 15:45:35,918 [restartedMain] INFO  com.zaxxer.hikari.HikariDataSource:123 - HikariPool-1 - Start completed.
2020-12-14 15:45:35,979 [restartedMain] INFO  org.hibernate.jpa.internal.util.LogHelper:31 - HHH000204: Processing PersistenceUnitInfo [
	name: default
	...]
2020-12-14 15:45:36,044 [restartedMain] INFO  org.hibernate.Version:46 - HHH000412: Hibernate Core {5.3.12.Final}
2020-12-14 15:45:36,045 [restartedMain] INFO  org.hibernate.cfg.Environment:213 - HHH000206: hibernate.properties not found
2020-12-14 15:45:36,181 [restartedMain] INFO  org.hibernate.annotations.common.Version:49 - HCANN000001: Hibernate Commons Annotations {5.0.4.Final}
2020-12-14 15:45:36,303 [restartedMain] INFO  org.hibernate.dialect.Dialect:157 - HHH000400: Using dialect: org.hibernate.dialect.MySQL5InnoDBDialect
2020-12-14 15:45:36,871 [restartedMain] INFO  org.hibernate.tuple.PojoInstantiator:47 - HHH000182: No default (no-argument) constructor for class: com.timer.banjian.entity.SysExternalLog (class must be instantiated by Interceptor)
2020-12-14 15:45:37,114 [restartedMain] INFO  o.s.orm.jpa.LocalContainerEntityManagerFactoryBean:416 - Initialized JPA EntityManagerFactory for persistence unit 'default'
2020-12-14 15:45:37,189 [restartedMain] INFO  o.s.b.d.autoconfigure.OptionalLiveReloadServer:57 - LiveReload server is running on port 35729
2020-12-14 15:45:37,501 [restartedMain] INFO  o.s.scheduling.concurrent.ThreadPoolTaskScheduler:171 - Initializing ExecutorService 'taskScheduler'
2020-12-14 15:45:37,552 [restartedMain] INFO  com.timer.TimerApplication:59 - Started TimerApplication in 3.684 seconds (JVM running for 5.235)
2020-12-14 15:45:37,554 [restartedMain] INFO  com.timer.socketServer.SocketServer:35 - ***服务器即将启动，等待客户端的连接***Mon Dec 14 15:45:37 CST 2020
2020-12-14 15:45:44,365 [Thread-8] INFO  com.timer.socketServer.SocketThread:46 - 参数：{"startTime":'2020-12-01',"endTime":''}  Mon Dec 14 15:45:44 CST 2020
2020-12-14 15:56:09,702 [Thread-9] INFO  com.timer.socketServer.SocketThread:46 - 参数：{"startTime":'2020-12-01',"endTime":'2020-12-11'}  Mon Dec 14 15:56:09 CST 2020
2020-12-14 15:56:30,843 [Thread-9] WARN  com.timer.banjian.service.BjAcceptService:78 - 系统异常：请求异常：Connection timed out: connect
2020-12-14 15:56:30,854 [Thread-9] WARN  com.timer.socketServer.SocketService:39 - 系统异常：请求异常：Connection timed out: connect
2020-12-14 15:56:30,932 [Thread-9] DEBUG org.hibernate.SQL:103 - insert into sys_external_log (version, api_type, app_id, created, message, req_desc, res_desc, status, type) values (?, ?, ?, ?, ?, ?, ?, ?, ?)
2020-12-14 15:56:30,932 [Thread-9] DEBUG org.hibernate.SQL:103 - insert into sys_external_log (version, api_type, app_id, created, message, req_desc, res_desc, status, type) values (?, ?, ?, ?, ?, ?, ?, ?, ?)
2020-12-14 15:56:30,957 [Thread-9] INFO  o.h.hql.internal.QueryTranslatorFactoryInitiator:47 - HHH000397: Using ASTQueryTranslatorFactory
2020-12-14 15:56:31,023 [Thread-9] DEBUG org.hibernate.SQL:103 - select sysexterna0_.id as id1_3_, sysexterna0_.version as version2_3_, sysexterna0_.api_type as api_type3_3_, sysexterna0_.app_id as app_id4_3_, sysexterna0_.created as created5_3_, sysexterna0_.message as message6_3_, sysexterna0_.req_desc as req_desc7_3_, sysexterna0_.res_desc as res_desc8_3_, sysexterna0_.status as status9_3_, sysexterna0_.type as type10_3_ from sys_external_log sysexterna0_ where sysexterna0_.id=? limit ?
2020-12-14 15:56:31,023 [Thread-9] DEBUG org.hibernate.SQL:103 - select sysexterna0_.id as id1_3_, sysexterna0_.version as version2_3_, sysexterna0_.api_type as api_type3_3_, sysexterna0_.app_id as app_id4_3_, sysexterna0_.created as created5_3_, sysexterna0_.message as message6_3_, sysexterna0_.req_desc as req_desc7_3_, sysexterna0_.res_desc as res_desc8_3_, sysexterna0_.status as status9_3_, sysexterna0_.type as type10_3_ from sys_external_log sysexterna0_ where sysexterna0_.id=? limit ?
